<?xml version="1.0" encoding="UTF-8"?>
<!-- Generated by org.testng.reporters.JUnitReportReporter -->
<testsuite skipped="0" hostname="DESKTOP-UUTUU8G" name="Academy.Home" tests="2" failures="0" timestamp="19 Jun 2019 11:09:15 GMT" time="65.865" errors="0">
  <testcase name="basepageNavigation" time="43.721" classname="Academy.Home"/>
  <testcase name="basepageNavigation" time="22.144" classname="Academy.Home"/>
</testsuite> <!-- Academy.Home -->
