<?xml version="1.0" encoding="UTF-8"?>
<!-- Generated by org.testng.reporters.JUnitReportReporter -->
<testsuite skipped="0" hostname="DESKTOP-UUTUU8G" name="Academy.Home" tests="2" failures="0" timestamp="20 Jun 2019 07:28:02 GMT" time="54.031" errors="0">
  <testcase name="basepageNavigation" time="12.061" classname="Academy.Home"/>
  <testcase name="basepageNavigation" time="41.970" classname="Academy.Home"/>
</testsuite> <!-- Academy.Home -->
