<?xml version="1.0" encoding="UTF-8"?>
<!-- Generated by org.testng.reporters.JUnitReportReporter -->
<testsuite skipped="0" hostname="DESKTOP-UUTUU8G" name="Academy.aValidateNavigatioonbar" tests="1" failures="0" timestamp="19 Jun 2019 11:09:15 GMT" time="9.969" errors="0">
  <testcase name="basepageNavigation" time="9.969" classname="Academy.aValidateNavigatioonbar"/>
</testsuite> <!-- Academy.aValidateNavigatioonbar -->
