<?xml version="1.0" encoding="UTF-8"?>
<!-- Generated by org.testng.reporters.JUnitReportReporter -->
<testsuite skipped="0" hostname="DESKTOP-UUTUU8G" name="Academy.Home" tests="1" failures="0" timestamp="17 Jun 2019 12:43:26 GMT" time="116.228" errors="0">
  <testcase name="basepageNavigation" time="116.228" classname="Academy.Home"/>
</testsuite> <!-- Academy.Home -->
