<?xml version="1.0" encoding="UTF-8"?>
<!-- Generated by org.testng.reporters.JUnitReportReporter -->
<testsuite skipped="0" hostname="DESKTOP-UUTUU8G" name="Academy.ValidateTitle" tests="1" failures="0" timestamp="20 Jun 2019 07:28:02 GMT" time="8.386" errors="0">
  <testcase name="basepageNavigation" time="8.386" classname="Academy.ValidateTitle"/>
</testsuite> <!-- Academy.ValidateTitle -->
