<?xml version="1.0" encoding="UTF-8"?>
<!-- Generated by org.testng.reporters.JUnitReportReporter -->
<testsuite skipped="0" hostname="DESKTOP-UUTUU8G" name="Academy.Home" tests="2" failures="0" timestamp="18 Jun 2019 12:48:58 GMT" time="102.432" errors="0">
  <testcase name="basepageNavigation" time="46.979" classname="Academy.Home"/>
  <testcase name="basepageNavigation" time="55.453" classname="Academy.Home"/>
</testsuite> <!-- Academy.Home -->
