<?xml version="1.0" encoding="UTF-8"?>
<!-- Generated by org.testng.reporters.JUnitReportReporter -->
<testsuite skipped="0" hostname="DESKTOP-UUTUU8G" name="Academy.ValidateTitle" tests="1" failures="0" timestamp="19 Jun 2019 11:09:15 GMT" time="7.751" errors="0">
  <testcase name="basepageNavigation" time="7.751" classname="Academy.ValidateTitle"/>
</testsuite> <!-- Academy.ValidateTitle -->
