<?xml version="1.0" encoding="UTF-8"?>
<!-- Generated by org.testng.reporters.JUnitReportReporter -->
<testsuite skipped="0" hostname="DESKTOP-UUTUU8G" name="Academy.Home" tests="2" failures="0" timestamp="19 Jun 2019 08:57:08 GMT" time="80.321" errors="0">
  <testcase name="basepageNavigation" time="69.468" classname="Academy.Home"/>
  <testcase name="basepageNavigation" time="10.853" classname="Academy.Home"/>
</testsuite> <!-- Academy.Home -->
