<?xml version="1.0" encoding="UTF-8"?>
<!-- Generated by org.testng.reporters.JUnitReportReporter -->
<testsuite skipped="0" hostname="DESKTOP-UUTUU8G" name="Academy.ValidateTitle" tests="1" failures="0" timestamp="19 Jun 2019 08:57:08 GMT" time="1.334" errors="0">
  <testcase name="basepageNavigation" time="1.334" classname="Academy.ValidateTitle"/>
</testsuite> <!-- Academy.ValidateTitle -->
