<?xml version="1.0" encoding="UTF-8"?>
<!-- Generated by org.testng.reporters.JUnitReportReporter -->
<testsuite skipped="0" hostname="DESKTOP-UUTUU8G" name="Academy.Home" tests="2" failures="0" timestamp="21 Jun 2019 11:49:45 GMT" time="40.876" errors="0">
  <testcase name="basepageNavigation" time="32.003" classname="Academy.Home"/>
  <testcase name="basepageNavigation" time="8.873" classname="Academy.Home"/>
</testsuite> <!-- Academy.Home -->
